<?xml version="1.0" encoding="UTF-8"?>
<testsuite xmlns:xsi="http://www.w3.org/2001/XMLSchema-instance" xsi:noNamespaceSchemaLocation="https://maven.apache.org/surefire/maven-surefire-plugin/xsd/surefire-test-report.xsd" name="com.cn.db.dbdoc.DbDocApplicationTests" time="1.35" tests="1" errors="0" skipped="0" failures="0">
  <properties>
    <property name="java.specification.version" value="17"/>
    <property name="sun.jnu.encoding" value="UTF-8"/>
    <property name="java.class.path" value="/Users/linht/Documents/my/dbDoc/target/test-classes:/Users/linht/Documents/my/dbDoc/target/classes:/Users/linht/tmp/maven_repo/com/baomidou/mybatis-plus-boot-starter/3.5.3.1/mybatis-plus-boot-starter-3.5.3.1.jar:/Users/linht/tmp/maven_repo/com/baomidou/mybatis-plus/3.5.3.1/mybatis-plus-3.5.3.1.jar:/Users/linht/tmp/maven_repo/com/baomidou/mybatis-plus-extension/3.5.3.1/mybatis-plus-extension-3.5.3.1.jar:/Users/linht/tmp/maven_repo/com/baomidou/mybatis-plus-core/3.5.3.1/mybatis-plus-core-3.5.3.1.jar:/Users/linht/tmp/maven_repo/com/baomidou/mybatis-plus-annotation/3.5.3.1/mybatis-plus-annotation-3.5.3.1.jar:/Users/linht/tmp/maven_repo/com/github/jsqlparser/jsqlparser/4.4/jsqlparser-4.4.jar:/Users/linht/tmp/maven_repo/org/mybatis/mybatis/3.5.10/mybatis-3.5.10.jar:/Users/linht/tmp/maven_repo/org/mybatis/mybatis-spring/2.0.7/mybatis-spring-2.0.7.jar:/Users/linht/tmp/maven_repo/org/springframework/boot/spring-boot-autoconfigure/3.0.5/spring-boot-autoconfigure-3.0.5.jar:/Users/linht/tmp/maven_repo/org/springframework/boot/spring-boot/3.0.5/spring-boot-3.0.5.jar:/Users/linht/tmp/maven_repo/org/springframework/boot/spring-boot-starter-jdbc/3.0.5/spring-boot-starter-jdbc-3.0.5.jar:/Users/linht/tmp/maven_repo/com/zaxxer/HikariCP/5.0.1/HikariCP-5.0.1.jar:/Users/linht/tmp/maven_repo/org/springframework/spring-jdbc/6.0.7/spring-jdbc-6.0.7.jar:/Users/linht/tmp/maven_repo/org/springframework/spring-tx/6.0.7/spring-tx-6.0.7.jar:/Users/linht/tmp/maven_repo/mysql/mysql-connector-java/8.0.30/mysql-connector-java-8.0.30.jar:/Users/linht/tmp/maven_repo/com/google/protobuf/protobuf-java/3.19.4/protobuf-java-3.19.4.jar:/Users/linht/tmp/maven_repo/org/postgresql/postgresql/42.5.4/postgresql-42.5.4.jar:/Users/linht/tmp/maven_repo/org/checkerframework/checker-qual/3.5.0/checker-qual-3.5.0.jar:/Users/linht/tmp/maven_repo/org/hibernate/validator/hibernate-validator/8.0.0.Final/hibernate-validator-8.0.0.Final.jar:/Users/linht/tmp/maven_repo/jakarta/validation/jakarta.validation-api/3.0.2/jakarta.validation-api-3.0.2.jar:/Users/linht/tmp/maven_repo/org/jboss/logging/jboss-logging/3.5.0.Final/jboss-logging-3.5.0.Final.jar:/Users/linht/tmp/maven_repo/com/fasterxml/classmate/1.5.1/classmate-1.5.1.jar:/Users/linht/tmp/maven_repo/org/freemarker/freemarker/2.3.32/freemarker-2.3.32.jar:/Users/linht/tmp/maven_repo/org/springframework/boot/spring-boot-starter-web/3.0.5/spring-boot-starter-web-3.0.5.jar:/Users/linht/tmp/maven_repo/org/springframework/boot/spring-boot-starter/3.0.5/spring-boot-starter-3.0.5.jar:/Users/linht/tmp/maven_repo/org/springframework/boot/spring-boot-starter-logging/3.0.5/spring-boot-starter-logging-3.0.5.jar:/Users/linht/tmp/maven_repo/ch/qos/logback/logback-classic/1.4.6/logback-classic-1.4.6.jar:/Users/linht/tmp/maven_repo/ch/qos/logback/logback-core/1.4.6/logback-core-1.4.6.jar:/Users/linht/tmp/maven_repo/org/apache/logging/log4j/log4j-to-slf4j/2.19.0/log4j-to-slf4j-2.19.0.jar:/Users/linht/tmp/maven_repo/org/apache/logging/log4j/log4j-api/2.19.0/log4j-api-2.19.0.jar:/Users/linht/tmp/maven_repo/org/slf4j/jul-to-slf4j/2.0.7/jul-to-slf4j-2.0.7.jar:/Users/linht/tmp/maven_repo/jakarta/annotation/jakarta.annotation-api/2.1.1/jakarta.annotation-api-2.1.1.jar:/Users/linht/tmp/maven_repo/org/yaml/snakeyaml/1.33/snakeyaml-1.33.jar:/Users/linht/tmp/maven_repo/org/springframework/boot/spring-boot-starter-json/3.0.5/spring-boot-starter-json-3.0.5.jar:/Users/linht/tmp/maven_repo/com/fasterxml/jackson/core/jackson-databind/2.14.2/jackson-databind-2.14.2.jar:/Users/linht/tmp/maven_repo/com/fasterxml/jackson/core/jackson-annotations/2.14.2/jackson-annotations-2.14.2.jar:/Users/linht/tmp/maven_repo/com/fasterxml/jackson/core/jackson-core/2.14.2/jackson-core-2.14.2.jar:/Users/linht/tmp/maven_repo/com/fasterxml/jackson/datatype/jackson-datatype-jdk8/2.14.2/jackson-datatype-jdk8-2.14.2.jar:/Users/linht/tmp/maven_repo/com/fasterxml/jackson/datatype/jackson-datatype-jsr310/2.14.2/jackson-datatype-jsr310-2.14.2.jar:/Users/linht/tmp/maven_repo/com/fasterxml/jackson/module/jackson-module-parameter-names/2.14.2/jackson-module-parameter-names-2.14.2.jar:/Users/linht/tmp/maven_repo/org/springframework/boot/spring-boot-starter-tomcat/3.0.5/spring-boot-starter-tomcat-3.0.5.jar:/Users/linht/tmp/maven_repo/org/apache/tomcat/embed/tomcat-embed-core/10.1.7/tomcat-embed-core-10.1.7.jar:/Users/linht/tmp/maven_repo/org/apache/tomcat/embed/tomcat-embed-el/10.1.7/tomcat-embed-el-10.1.7.jar:/Users/linht/tmp/maven_repo/org/apache/tomcat/embed/tomcat-embed-websocket/10.1.7/tomcat-embed-websocket-10.1.7.jar:/Users/linht/tmp/maven_repo/org/springframework/spring-web/6.0.7/spring-web-6.0.7.jar:/Users/linht/tmp/maven_repo/org/springframework/spring-beans/6.0.7/spring-beans-6.0.7.jar:/Users/linht/tmp/maven_repo/io/micrometer/micrometer-observation/1.10.5/micrometer-observation-1.10.5.jar:/Users/linht/tmp/maven_repo/io/micrometer/micrometer-commons/1.10.5/micrometer-commons-1.10.5.jar:/Users/linht/tmp/maven_repo/org/springframework/spring-webmvc/6.0.7/spring-webmvc-6.0.7.jar:/Users/linht/tmp/maven_repo/org/springframework/spring-aop/6.0.7/spring-aop-6.0.7.jar:/Users/linht/tmp/maven_repo/org/springframework/spring-context/6.0.7/spring-context-6.0.7.jar:/Users/linht/tmp/maven_repo/org/springframework/spring-expression/6.0.7/spring-expression-6.0.7.jar:/Users/linht/tmp/maven_repo/com/alibaba/easyexcel/2.2.10/easyexcel-2.2.10.jar:/Users/linht/tmp/maven_repo/org/apache/poi/poi/3.17/poi-3.17.jar:/Users/linht/tmp/maven_repo/commons-codec/commons-codec/1.15/commons-codec-1.15.jar:/Users/linht/tmp/maven_repo/org/apache/commons/commons-collections4/4.1/commons-collections4-4.1.jar:/Users/linht/tmp/maven_repo/org/apache/poi/poi-ooxml/3.17/poi-ooxml-3.17.jar:/Users/linht/tmp/maven_repo/com/github/virtuald/curvesapi/1.04/curvesapi-1.04.jar:/Users/linht/tmp/maven_repo/org/apache/poi/poi-ooxml-schemas/3.17/poi-ooxml-schemas-3.17.jar:/Users/linht/tmp/maven_repo/org/apache/xmlbeans/xmlbeans/2.6.0/xmlbeans-2.6.0.jar:/Users/linht/tmp/maven_repo/stax/stax-api/1.0.1/stax-api-1.0.1.jar:/Users/linht/tmp/maven_repo/cglib/cglib/3.1/cglib-3.1.jar:/Users/linht/tmp/maven_repo/org/ow2/asm/asm/4.2/asm-4.2.jar:/Users/linht/tmp/maven_repo/org/slf4j/slf4j-api/2.0.7/slf4j-api-2.0.7.jar:/Users/linht/tmp/maven_repo/org/ehcache/ehcache/3.4.0/ehcache-3.4.0.jar:/Users/linht/tmp/maven_repo/com/alibaba/fastjson/1.2.83/fastjson-1.2.83.jar:/Users/linht/tmp/maven_repo/commons-io/commons-io/2.11.0/commons-io-2.11.0.jar:/Users/linht/tmp/maven_repo/org/apache/commons/commons-lang3/3.4/commons-lang3-3.4.jar:/Users/linht/tmp/maven_repo/com/h2database/h2/2.1.214/h2-2.1.214.jar:/Users/linht/tmp/maven_repo/org/projectlombok/lombok/1.18.26/lombok-1.18.26.jar:/Users/linht/tmp/maven_repo/org/springframework/boot/spring-boot-starter-test/3.0.5/spring-boot-starter-test-3.0.5.jar:/Users/linht/tmp/maven_repo/org/springframework/boot/spring-boot-test/3.0.5/spring-boot-test-3.0.5.jar:/Users/linht/tmp/maven_repo/org/springframework/boot/spring-boot-test-autoconfigure/3.0.5/spring-boot-test-autoconfigure-3.0.5.jar:/Users/linht/tmp/maven_repo/com/jayway/jsonpath/json-path/2.7.0/json-path-2.7.0.jar:/Users/linht/tmp/maven_repo/net/minidev/json-smart/2.4.10/json-smart-2.4.10.jar:/Users/linht/tmp/maven_repo/net/minidev/accessors-smart/2.4.9/accessors-smart-2.4.9.jar:/Users/linht/tmp/maven_repo/jakarta/xml/bind/jakarta.xml.bind-api/4.0.0/jakarta.xml.bind-api-4.0.0.jar:/Users/linht/tmp/maven_repo/jakarta/activation/jakarta.activation-api/2.1.1/jakarta.activation-api-2.1.1.jar:/Users/linht/tmp/maven_repo/org/assertj/assertj-core/3.23.1/assertj-core-3.23.1.jar:/Users/linht/tmp/maven_repo/net/bytebuddy/byte-buddy/1.12.23/byte-buddy-1.12.23.jar:/Users/linht/tmp/maven_repo/org/hamcrest/hamcrest/2.2/hamcrest-2.2.jar:/Users/linht/tmp/maven_repo/org/junit/jupiter/junit-jupiter/5.9.2/junit-jupiter-5.9.2.jar:/Users/linht/tmp/maven_repo/org/junit/jupiter/junit-jupiter-api/5.9.2/junit-jupiter-api-5.9.2.jar:/Users/linht/tmp/maven_repo/org/opentest4j/opentest4j/1.2.0/opentest4j-1.2.0.jar:/Users/linht/tmp/maven_repo/org/junit/platform/junit-platform-commons/1.9.2/junit-platform-commons-1.9.2.jar:/Users/linht/tmp/maven_repo/org/apiguardian/apiguardian-api/1.1.2/apiguardian-api-1.1.2.jar:/Users/linht/tmp/maven_repo/org/junit/jupiter/junit-jupiter-params/5.9.2/junit-jupiter-params-5.9.2.jar:/Users/linht/tmp/maven_repo/org/junit/jupiter/junit-jupiter-engine/5.9.2/junit-jupiter-engine-5.9.2.jar:/Users/linht/tmp/maven_repo/org/junit/platform/junit-platform-engine/1.9.2/junit-platform-engine-1.9.2.jar:/Users/linht/tmp/maven_repo/org/mockito/mockito-core/4.8.1/mockito-core-4.8.1.jar:/Users/linht/tmp/maven_repo/net/bytebuddy/byte-buddy-agent/1.12.23/byte-buddy-agent-1.12.23.jar:/Users/linht/tmp/maven_repo/org/objenesis/objenesis/3.2/objenesis-3.2.jar:/Users/linht/tmp/maven_repo/org/mockito/mockito-junit-jupiter/4.8.1/mockito-junit-jupiter-4.8.1.jar:/Users/linht/tmp/maven_repo/org/skyscreamer/jsonassert/1.5.1/jsonassert-1.5.1.jar:/Users/linht/tmp/maven_repo/com/vaadin/external/google/android-json/0.0.20131108.vaadin1/android-json-0.0.20131108.vaadin1.jar:/Users/linht/tmp/maven_repo/org/springframework/spring-core/6.0.7/spring-core-6.0.7.jar:/Users/linht/tmp/maven_repo/org/springframework/spring-jcl/6.0.7/spring-jcl-6.0.7.jar:/Users/linht/tmp/maven_repo/org/springframework/spring-test/6.0.7/spring-test-6.0.7.jar:/Users/linht/tmp/maven_repo/org/xmlunit/xmlunit-core/2.9.1/xmlunit-core-2.9.1.jar:"/>
    <property name="java.vm.vendor" value="Oracle Corporation"/>
    <property name="sun.arch.data.model" value="64"/>
    <property name="java.vendor.url" value="https://java.oracle.com/"/>
    <property name="os.name" value="Mac OS X"/>
    <property name="java.vm.specification.version" value="17"/>
    <property name="sun.java.launcher" value="SUN_STANDARD"/>
    <property name="user.country" value="CN"/>
    <property name="sun.boot.library.path" value="/Users/linht/jdk/jdk17/Contents/Home/lib"/>
    <property name="sun.java.command" value="/Users/linht/Documents/my/dbDoc/target/surefire/surefirebooter16232616599318959322.jar /Users/linht/Documents/my/dbDoc/target/surefire 2023-04-14T15-01-43_865-jvmRun1 surefire5736327379851804576tmp surefire_018444567863493078422tmp"/>
    <property name="jdk.debug" value="release"/>
    <property name="surefire.test.class.path" value="/Users/linht/Documents/my/dbDoc/target/test-classes:/Users/linht/Documents/my/dbDoc/target/classes:/Users/linht/tmp/maven_repo/com/baomidou/mybatis-plus-boot-starter/3.5.3.1/mybatis-plus-boot-starter-3.5.3.1.jar:/Users/linht/tmp/maven_repo/com/baomidou/mybatis-plus/3.5.3.1/mybatis-plus-3.5.3.1.jar:/Users/linht/tmp/maven_repo/com/baomidou/mybatis-plus-extension/3.5.3.1/mybatis-plus-extension-3.5.3.1.jar:/Users/linht/tmp/maven_repo/com/baomidou/mybatis-plus-core/3.5.3.1/mybatis-plus-core-3.5.3.1.jar:/Users/linht/tmp/maven_repo/com/baomidou/mybatis-plus-annotation/3.5.3.1/mybatis-plus-annotation-3.5.3.1.jar:/Users/linht/tmp/maven_repo/com/github/jsqlparser/jsqlparser/4.4/jsqlparser-4.4.jar:/Users/linht/tmp/maven_repo/org/mybatis/mybatis/3.5.10/mybatis-3.5.10.jar:/Users/linht/tmp/maven_repo/org/mybatis/mybatis-spring/2.0.7/mybatis-spring-2.0.7.jar:/Users/linht/tmp/maven_repo/org/springframework/boot/spring-boot-autoconfigure/3.0.5/spring-boot-autoconfigure-3.0.5.jar:/Users/linht/tmp/maven_repo/org/springframework/boot/spring-boot/3.0.5/spring-boot-3.0.5.jar:/Users/linht/tmp/maven_repo/org/springframework/boot/spring-boot-starter-jdbc/3.0.5/spring-boot-starter-jdbc-3.0.5.jar:/Users/linht/tmp/maven_repo/com/zaxxer/HikariCP/5.0.1/HikariCP-5.0.1.jar:/Users/linht/tmp/maven_repo/org/springframework/spring-jdbc/6.0.7/spring-jdbc-6.0.7.jar:/Users/linht/tmp/maven_repo/org/springframework/spring-tx/6.0.7/spring-tx-6.0.7.jar:/Users/linht/tmp/maven_repo/mysql/mysql-connector-java/8.0.30/mysql-connector-java-8.0.30.jar:/Users/linht/tmp/maven_repo/com/google/protobuf/protobuf-java/3.19.4/protobuf-java-3.19.4.jar:/Users/linht/tmp/maven_repo/org/postgresql/postgresql/42.5.4/postgresql-42.5.4.jar:/Users/linht/tmp/maven_repo/org/checkerframework/checker-qual/3.5.0/checker-qual-3.5.0.jar:/Users/linht/tmp/maven_repo/org/hibernate/validator/hibernate-validator/8.0.0.Final/hibernate-validator-8.0.0.Final.jar:/Users/linht/tmp/maven_repo/jakarta/validation/jakarta.validation-api/3.0.2/jakarta.validation-api-3.0.2.jar:/Users/linht/tmp/maven_repo/org/jboss/logging/jboss-logging/3.5.0.Final/jboss-logging-3.5.0.Final.jar:/Users/linht/tmp/maven_repo/com/fasterxml/classmate/1.5.1/classmate-1.5.1.jar:/Users/linht/tmp/maven_repo/org/freemarker/freemarker/2.3.32/freemarker-2.3.32.jar:/Users/linht/tmp/maven_repo/org/springframework/boot/spring-boot-starter-web/3.0.5/spring-boot-starter-web-3.0.5.jar:/Users/linht/tmp/maven_repo/org/springframework/boot/spring-boot-starter/3.0.5/spring-boot-starter-3.0.5.jar:/Users/linht/tmp/maven_repo/org/springframework/boot/spring-boot-starter-logging/3.0.5/spring-boot-starter-logging-3.0.5.jar:/Users/linht/tmp/maven_repo/ch/qos/logback/logback-classic/1.4.6/logback-classic-1.4.6.jar:/Users/linht/tmp/maven_repo/ch/qos/logback/logback-core/1.4.6/logback-core-1.4.6.jar:/Users/linht/tmp/maven_repo/org/apache/logging/log4j/log4j-to-slf4j/2.19.0/log4j-to-slf4j-2.19.0.jar:/Users/linht/tmp/maven_repo/org/apache/logging/log4j/log4j-api/2.19.0/log4j-api-2.19.0.jar:/Users/linht/tmp/maven_repo/org/slf4j/jul-to-slf4j/2.0.7/jul-to-slf4j-2.0.7.jar:/Users/linht/tmp/maven_repo/jakarta/annotation/jakarta.annotation-api/2.1.1/jakarta.annotation-api-2.1.1.jar:/Users/linht/tmp/maven_repo/org/yaml/snakeyaml/1.33/snakeyaml-1.33.jar:/Users/linht/tmp/maven_repo/org/springframework/boot/spring-boot-starter-json/3.0.5/spring-boot-starter-json-3.0.5.jar:/Users/linht/tmp/maven_repo/com/fasterxml/jackson/core/jackson-databind/2.14.2/jackson-databind-2.14.2.jar:/Users/linht/tmp/maven_repo/com/fasterxml/jackson/core/jackson-annotations/2.14.2/jackson-annotations-2.14.2.jar:/Users/linht/tmp/maven_repo/com/fasterxml/jackson/core/jackson-core/2.14.2/jackson-core-2.14.2.jar:/Users/linht/tmp/maven_repo/com/fasterxml/jackson/datatype/jackson-datatype-jdk8/2.14.2/jackson-datatype-jdk8-2.14.2.jar:/Users/linht/tmp/maven_repo/com/fasterxml/jackson/datatype/jackson-datatype-jsr310/2.14.2/jackson-datatype-jsr310-2.14.2.jar:/Users/linht/tmp/maven_repo/com/fasterxml/jackson/module/jackson-module-parameter-names/2.14.2/jackson-module-parameter-names-2.14.2.jar:/Users/linht/tmp/maven_repo/org/springframework/boot/spring-boot-starter-tomcat/3.0.5/spring-boot-starter-tomcat-3.0.5.jar:/Users/linht/tmp/maven_repo/org/apache/tomcat/embed/tomcat-embed-core/10.1.7/tomcat-embed-core-10.1.7.jar:/Users/linht/tmp/maven_repo/org/apache/tomcat/embed/tomcat-embed-el/10.1.7/tomcat-embed-el-10.1.7.jar:/Users/linht/tmp/maven_repo/org/apache/tomcat/embed/tomcat-embed-websocket/10.1.7/tomcat-embed-websocket-10.1.7.jar:/Users/linht/tmp/maven_repo/org/springframework/spring-web/6.0.7/spring-web-6.0.7.jar:/Users/linht/tmp/maven_repo/org/springframework/spring-beans/6.0.7/spring-beans-6.0.7.jar:/Users/linht/tmp/maven_repo/io/micrometer/micrometer-observation/1.10.5/micrometer-observation-1.10.5.jar:/Users/linht/tmp/maven_repo/io/micrometer/micrometer-commons/1.10.5/micrometer-commons-1.10.5.jar:/Users/linht/tmp/maven_repo/org/springframework/spring-webmvc/6.0.7/spring-webmvc-6.0.7.jar:/Users/linht/tmp/maven_repo/org/springframework/spring-aop/6.0.7/spring-aop-6.0.7.jar:/Users/linht/tmp/maven_repo/org/springframework/spring-context/6.0.7/spring-context-6.0.7.jar:/Users/linht/tmp/maven_repo/org/springframework/spring-expression/6.0.7/spring-expression-6.0.7.jar:/Users/linht/tmp/maven_repo/com/alibaba/easyexcel/2.2.10/easyexcel-2.2.10.jar:/Users/linht/tmp/maven_repo/org/apache/poi/poi/3.17/poi-3.17.jar:/Users/linht/tmp/maven_repo/commons-codec/commons-codec/1.15/commons-codec-1.15.jar:/Users/linht/tmp/maven_repo/org/apache/commons/commons-collections4/4.1/commons-collections4-4.1.jar:/Users/linht/tmp/maven_repo/org/apache/poi/poi-ooxml/3.17/poi-ooxml-3.17.jar:/Users/linht/tmp/maven_repo/com/github/virtuald/curvesapi/1.04/curvesapi-1.04.jar:/Users/linht/tmp/maven_repo/org/apache/poi/poi-ooxml-schemas/3.17/poi-ooxml-schemas-3.17.jar:/Users/linht/tmp/maven_repo/org/apache/xmlbeans/xmlbeans/2.6.0/xmlbeans-2.6.0.jar:/Users/linht/tmp/maven_repo/stax/stax-api/1.0.1/stax-api-1.0.1.jar:/Users/linht/tmp/maven_repo/cglib/cglib/3.1/cglib-3.1.jar:/Users/linht/tmp/maven_repo/org/ow2/asm/asm/4.2/asm-4.2.jar:/Users/linht/tmp/maven_repo/org/slf4j/slf4j-api/2.0.7/slf4j-api-2.0.7.jar:/Users/linht/tmp/maven_repo/org/ehcache/ehcache/3.4.0/ehcache-3.4.0.jar:/Users/linht/tmp/maven_repo/com/alibaba/fastjson/1.2.83/fastjson-1.2.83.jar:/Users/linht/tmp/maven_repo/commons-io/commons-io/2.11.0/commons-io-2.11.0.jar:/Users/linht/tmp/maven_repo/org/apache/commons/commons-lang3/3.4/commons-lang3-3.4.jar:/Users/linht/tmp/maven_repo/com/h2database/h2/2.1.214/h2-2.1.214.jar:/Users/linht/tmp/maven_repo/org/projectlombok/lombok/1.18.26/lombok-1.18.26.jar:/Users/linht/tmp/maven_repo/org/springframework/boot/spring-boot-starter-test/3.0.5/spring-boot-starter-test-3.0.5.jar:/Users/linht/tmp/maven_repo/org/springframework/boot/spring-boot-test/3.0.5/spring-boot-test-3.0.5.jar:/Users/linht/tmp/maven_repo/org/springframework/boot/spring-boot-test-autoconfigure/3.0.5/spring-boot-test-autoconfigure-3.0.5.jar:/Users/linht/tmp/maven_repo/com/jayway/jsonpath/json-path/2.7.0/json-path-2.7.0.jar:/Users/linht/tmp/maven_repo/net/minidev/json-smart/2.4.10/json-smart-2.4.10.jar:/Users/linht/tmp/maven_repo/net/minidev/accessors-smart/2.4.9/accessors-smart-2.4.9.jar:/Users/linht/tmp/maven_repo/jakarta/xml/bind/jakarta.xml.bind-api/4.0.0/jakarta.xml.bind-api-4.0.0.jar:/Users/linht/tmp/maven_repo/jakarta/activation/jakarta.activation-api/2.1.1/jakarta.activation-api-2.1.1.jar:/Users/linht/tmp/maven_repo/org/assertj/assertj-core/3.23.1/assertj-core-3.23.1.jar:/Users/linht/tmp/maven_repo/net/bytebuddy/byte-buddy/1.12.23/byte-buddy-1.12.23.jar:/Users/linht/tmp/maven_repo/org/hamcrest/hamcrest/2.2/hamcrest-2.2.jar:/Users/linht/tmp/maven_repo/org/junit/jupiter/junit-jupiter/5.9.2/junit-jupiter-5.9.2.jar:/Users/linht/tmp/maven_repo/org/junit/jupiter/junit-jupiter-api/5.9.2/junit-jupiter-api-5.9.2.jar:/Users/linht/tmp/maven_repo/org/opentest4j/opentest4j/1.2.0/opentest4j-1.2.0.jar:/Users/linht/tmp/maven_repo/org/junit/platform/junit-platform-commons/1.9.2/junit-platform-commons-1.9.2.jar:/Users/linht/tmp/maven_repo/org/apiguardian/apiguardian-api/1.1.2/apiguardian-api-1.1.2.jar:/Users/linht/tmp/maven_repo/org/junit/jupiter/junit-jupiter-params/5.9.2/junit-jupiter-params-5.9.2.jar:/Users/linht/tmp/maven_repo/org/junit/jupiter/junit-jupiter-engine/5.9.2/junit-jupiter-engine-5.9.2.jar:/Users/linht/tmp/maven_repo/org/junit/platform/junit-platform-engine/1.9.2/junit-platform-engine-1.9.2.jar:/Users/linht/tmp/maven_repo/org/mockito/mockito-core/4.8.1/mockito-core-4.8.1.jar:/Users/linht/tmp/maven_repo/net/bytebuddy/byte-buddy-agent/1.12.23/byte-buddy-agent-1.12.23.jar:/Users/linht/tmp/maven_repo/org/objenesis/objenesis/3.2/objenesis-3.2.jar:/Users/linht/tmp/maven_repo/org/mockito/mockito-junit-jupiter/4.8.1/mockito-junit-jupiter-4.8.1.jar:/Users/linht/tmp/maven_repo/org/skyscreamer/jsonassert/1.5.1/jsonassert-1.5.1.jar:/Users/linht/tmp/maven_repo/com/vaadin/external/google/android-json/0.0.20131108.vaadin1/android-json-0.0.20131108.vaadin1.jar:/Users/linht/tmp/maven_repo/org/springframework/spring-core/6.0.7/spring-core-6.0.7.jar:/Users/linht/tmp/maven_repo/org/springframework/spring-jcl/6.0.7/spring-jcl-6.0.7.jar:/Users/linht/tmp/maven_repo/org/springframework/spring-test/6.0.7/spring-test-6.0.7.jar:/Users/linht/tmp/maven_repo/org/xmlunit/xmlunit-core/2.9.1/xmlunit-core-2.9.1.jar:"/>
    <property name="sun.cpu.endian" value="little"/>
    <property name="user.home" value="/Users/linht"/>
    <property name="user.language" value="zh"/>
    <property name="java.specification.vendor" value="Oracle Corporation"/>
    <property name="java.version.date" value="2023-01-17"/>
    <property name="java.home" value="/Users/linht/jdk/jdk17/Contents/Home"/>
    <property name="file.separator" value="/"/>
    <property name="basedir" value="/Users/linht/Documents/my/dbDoc"/>
    <property name="java.vm.compressedOopsMode" value="Zero based"/>
    <property name="line.separator" value="&#10;"/>
    <property name="java.vm.specification.vendor" value="Oracle Corporation"/>
    <property name="java.specification.name" value="Java Platform API Specification"/>
    <property name="surefire.real.class.path" value="/Users/linht/Documents/my/dbDoc/target/surefire/surefirebooter16232616599318959322.jar"/>
    <property name="user.script" value="Hans"/>
    <property name="sun.management.compiler" value="HotSpot 64-Bit Tiered Compilers"/>
    <property name="java.runtime.version" value="17.0.6+9-LTS-190"/>
    <property name="user.name" value="linht"/>
    <property name="path.separator" value=":"/>
    <property name="os.version" value="13.3.1"/>
    <property name="java.runtime.name" value="Java(TM) SE Runtime Environment"/>
    <property name="file.encoding" value="UTF-8"/>
    <property name="java.vm.name" value="Java HotSpot(TM) 64-Bit Server VM"/>
    <property name="localRepository" value="/Users/linht/tmp/maven_repo"/>
    <property name="java.vendor.url.bug" value="https://bugreport.java.com/bugreport/"/>
    <property name="java.io.tmpdir" value="/var/folders/h5/h4ykv0951ml3q_3ly0d5bwjc0000gn/T/"/>
    <property name="idea.version" value="2023.1"/>
    <property name="java.version" value="17.0.6"/>
    <property name="user.dir" value="/Users/linht/Documents/my/dbDoc"/>
    <property name="os.arch" value="aarch64"/>
    <property name="java.vm.specification.name" value="Java Virtual Machine Specification"/>
    <property name="native.encoding" value="UTF-8"/>
    <property name="java.library.path" value="/Users/linht/Library/Java/Extensions:/Library/Java/Extensions:/Network/Library/Java/Extensions:/System/Library/Java/Extensions:/usr/lib/java:."/>
    <property name="java.vm.info" value="mixed mode, sharing"/>
    <property name="java.vendor" value="Oracle Corporation"/>
    <property name="java.vm.version" value="17.0.6+9-LTS-190"/>
    <property name="sun.io.unicode.encoding" value="UnicodeBig"/>
    <property name="java.class.version" value="61.0"/>
  </properties>
  <testcase name="contextLoads" classname="com.cn.db.dbdoc.DbDocApplicationTests" time="0.191"/>
</testsuite>